# JRE version: Java(TM) SE Runtime Environment (8.0_102-b14) (build 1.8.0_102-b14)
# Java VM: Java HotSpot(TM) 64-Bit Server VM (25.102-b14 mixed mode windows-amd64 compressed oops)
Heap:
 PSYoungGen      total 267776K, used 161186K [0x00000000d6600000, 0x00000000e8d00000, 0x0000000100000000)
  eden space 235520K, 60% used [0x00000000d6600000,0x00000000df237fa8,0x00000000e4c00000)
  from space 32256K, 54% used [0x00000000e6d80000,0x00000000e7eb0968,0x00000000e8d00000)
  to   space 33280K, 0% used [0x00000000e4c00000,0x00000000e4c00000,0x00000000e6c80000)
 ParOldGen       total 119808K, used 39644K [0x0000000083200000, 0x000000008a700000, 0x00000000d6600000)
  object space 119808K, 33% used [0x0000000083200000,0x00000000858b7048,0x000000008a700000)
 Metaspace       used 56420K, capacity 57212K, committed 57600K, reserved 1099776K
  class space    used 6573K, capacity 6827K, committed 6912K, reserved 1048576K
GC Heap History (10 events):
Event: 7.833 GC heap before
{Heap before GC invocations=10 (full 1):
 PSYoungGen      total 145920K, used 145894K [0x00000000d6600000, 0x00000000e5580000, 0x0000000100000000)
  eden space 126976K, 100% used [0x00000000d6600000,0x00000000de200000,0x00000000de200000)
  from space 18944K, 99% used [0x00000000dfa80000,0x00000000e0cf9978,0x00000000e0d00000)
  to   space 25088K, 0% used [0x00000000de200000,0x00000000de200000,0x00000000dfa80000)
 ParOldGen       total 81408K, used 32502K [0x0000000083200000, 0x0000000088180000, 0x00000000d6600000)
  object space 81408K, 39% used [0x0000000083200000,0x00000000851bdaa0,0x0000000088180000)
 Metaspace       used 28314K, capacity 28926K, committed 29184K, reserved 1075200K
  class space    used 3375K, capacity 3527K, committed 3584K, reserved 1048576K
Event: 7.864 GC heap after
Heap after GC invocations=10 (full 1):
 PSYoungGen      total 152064K, used 25079K [0x00000000d6600000, 0x00000000e4d00000, 0x0000000100000000)
  eden space 126976K, 0% used [0x00000000d6600000,0x00000000d6600000,0x00000000de200000)
  from space 25088K, 99% used [0x00000000de200000,0x00000000dfa7dc80,0x00000000dfa80000)
  to   space 31232K, 0% used [0x00000000e2e80000,0x00000000e2e80000,0x00000000e4d00000)
 ParOldGen       total 81408K, used 38337K [0x0000000083200000, 0x0000000088180000, 0x00000000d6600000)
  object space 81408K, 47% used [0x0000000083200000,0x0000000085770770,0x0000000088180000)
 Metaspace       used 28314K, capacity 28926K, committed 29184K, reserved 1075200K
  class space    used 3375K, capacity 3527K, committed 3584K, reserved 1048576K
}
Event: 8.240 GC heap before
{Heap before GC invocations=11 (full 1):
 PSYoungGen      total 152064K, used 152055K [0x00000000d6600000, 0x00000000e4d00000, 0x0000000100000000)
  eden space 126976K, 100% used [0x00000000d6600000,0x00000000de200000,0x00000000de200000)
  from space 25088K, 99% used [0x00000000de200000,0x00000000dfa7dc80,0x00000000dfa80000)
  to   space 31232K, 0% used [0x00000000e2e80000,0x00000000e2e80000,0x00000000e4d00000)
 ParOldGen       total 81408K, used 38337K [0x0000000083200000, 0x0000000088180000, 0x00000000d6600000)
  object space 81408K, 47% used [0x0000000083200000,0x0000000085770770,0x0000000088180000)
 Metaspace       used 28316K, capacity 28926K, committed 29184K, reserved 1075200K
  class space    used 3375K, capacity 3527K, committed 3584K, reserved 1048576K
Event: 8.269 GC heap after
Heap after GC invocations=11 (full 1):
 PSYoungGen      total 201216K, used 29344K [0x00000000d6600000, 0x00000000e5900000, 0x0000000100000000)
  eden space 169984K, 0% used [0x00000000d6600000,0x00000000d6600000,0x00000000e0c00000)
  from space 31232K, 93% used [0x00000000e2e80000,0x00000000e4b28278,0x00000000e4d00000)
  to   space 35328K, 0% used [0x00000000e0c00000,0x00000000e0c00000,0x00000000e2e80000)
 ParOldGen       total 81408K, used 42721K [0x0000000083200000, 0x0000000088180000, 0x00000000d6600000)
  object space 81408K, 52% used [0x0000000083200000,0x0000000085bb8780,0x0000000088180000)
 Metaspace       used 28316K, capacity 28926K, committed 29184K, reserved 1075200K
  class space    used 3375K, capacity 3527K, committed 3584K, reserved 1048576K
}
Event: 9.371 GC heap before
{Heap before GC invocations=12 (full 1):
 PSYoungGen      total 201216K, used 173418K [0x00000000d6600000, 0x00000000e5900000, 0x0000000100000000)
  eden space 169984K, 84% used [0x00000000d6600000,0x00000000df2b28b8,0x00000000e0c00000)
  from space 31232K, 93% used [0x00000000e2e80000,0x00000000e4b28278,0x00000000e4d00000)
  to   space 35328K, 0% used [0x00000000e0c00000,0x00000000e0c00000,0x00000000e2e80000)
 ParOldGen       total 81408K, used 42721K [0x0000000083200000, 0x0000000088180000, 0x00000000d6600000)
  object space 81408K, 52% used [0x0000000083200000,0x0000000085bb8780,0x0000000088180000)
 Metaspace       used 34698K, capacity 35398K, committed 35496K, reserved 1081344K
  class space    used 4134K, capacity 4341K, committed 4352K, reserved 1048576K
Event: 9.394 GC heap after
Heap after GC invocations=12 (full 1):
 PSYoungGen      total 205312K, used 18646K [0x00000000d6600000, 0x00000000e8f00000, 0x0000000100000000)
  eden space 169984K, 0% used [0x00000000d6600000,0x00000000d6600000,0x00000000e0c00000)
  from space 35328K, 52% used [0x00000000e0c00000,0x00000000e1e35818,0x00000000e2e80000)
  to   space 34304K, 0% used [0x00000000e6d80000,0x00000000e6d80000,0x00000000e8f00000)
 ParOldGen       total 81408K, used 44362K [0x0000000083200000, 0x0000000088180000, 0x00000000d6600000)
  object space 81408K, 54% used [0x0000000083200000,0x0000000085d52a48,0x0000000088180000)
 Metaspace       used 34698K, capacity 35398K, committed 35496K, reserved 1081344K
  class space    used 4134K, capacity 4341K, committed 4352K, reserved 1048576K
}
Event: 9.394 GC heap before
{Heap before GC invocations=13 (full 2):
 PSYoungGen      total 205312K, used 18646K [0x00000000d6600000, 0x00000000e8f00000, 0x0000000100000000)
  eden space 169984K, 0% used [0x00000000d6600000,0x00000000d6600000,0x00000000e0c00000)
  from space 35328K, 52% used [0x00000000e0c00000,0x00000000e1e35818,0x00000000e2e80000)
  to   space 34304K, 0% used [0x00000000e6d80000,0x00000000e6d80000,0x00000000e8f00000)
 ParOldGen       total 81408K, used 44362K [0x0000000083200000, 0x0000000088180000, 0x00000000d6600000)
  object space 81408K, 54% used [0x0000000083200000,0x0000000085d52a48,0x0000000088180000)
 Metaspace       used 34698K, capacity 35398K, committed 35496K, reserved 1081344K
  class space    used 4134K, capacity 4341K, committed 4352K, reserved 1048576K
Event: 9.493 GC heap after
Heap after GC invocations=13 (full 2):
 PSYoungGen      total 205312K, used 0K [0x00000000d6600000, 0x00000000e8f00000, 0x0000000100000000)
  eden space 169984K, 0% used [0x00000000d6600000,0x00000000d6600000,0x00000000e0c00000)
  from space 35328K, 0% used [0x00000000e0c00000,0x00000000e0c00000,0x00000000e2e80000)
  to   space 34304K, 0% used [0x00000000e6d80000,0x00000000e6d80000,0x00000000e8f00000)
 ParOldGen       total 119808K, used 39636K [0x0000000083200000, 0x000000008a700000, 0x00000000d6600000)
  object space 119808K, 33% used [0x0000000083200000,0x00000000858b5048,0x000000008a700000)
 Metaspace       used 34698K, capacity 35398K, committed 35496K, reserved 1081344K
  class space    used 4134K, capacity 4341K, committed 4352K, reserved 1048576K
}
Event: 11.249 GC heap before
{Heap before GC invocations=14 (full 2):
 PSYoungGen      total 205312K, used 169984K [0x00000000d6600000, 0x00000000e8f00000, 0x0000000100000000)
  eden space 169984K, 100% used [0x00000000d6600000,0x00000000e0c00000,0x00000000e0c00000)
  from space 35328K, 0% used [0x00000000e0c00000,0x00000000e0c00000,0x00000000e2e80000)
  to   space 34304K, 0% used [0x00000000e6d80000,0x00000000e6d80000,0x00000000e8f00000)
 ParOldGen       total 119808K, used 39636K [0x0000000083200000, 0x000000008a700000, 0x00000000d6600000)
  object space 119808K, 33% used [0x0000000083200000,0x00000000858b5048,0x000000008a700000)
 Metaspace       used 45763K, capacity 46570K, committed 46720K, reserved 1089536K
  class space    used 5523K, capacity 5747K, committed 5760K, reserved 1048576K
Event: 11.285 GC heap after
Heap after GC invocations=14 (full 2):
 PSYoungGen      total 267776K, used 17602K [0x00000000d6600000, 0x00000000e8d00000, 0x0000000100000000)
  eden space 235520K, 0% used [0x00000000d6600000,0x00000000d6600000,0x00000000e4c00000)
  from space 32256K, 54% used [0x00000000e6d80000,0x00000000e7eb0968,0x00000000e8d00000)
  to   space 33280K, 0% used [0x00000000e4c00000,0x00000000e4c00000,0x00000000e6c80000)
 ParOldGen       total 119808K, used 39644K [0x0000000083200000, 0x000000008a700000, 0x00000000d6600000)
  object space 119808K, 33% used [0x0000000083200000,0x00000000858b7048,0x000000008a700000)
 Metaspace       used 45763K, capacity 46570K, committed 46720K, reserved 1089536K
  class space    used 5523K, capacity 5747K, committed 5760K, reserved 1048576K
}

