# JRE version: Java(TM) SE Runtime Environment (8.0_102-b14) (build 1.8.0_102-b14)
# Java VM: Java HotSpot(TM) 64-Bit Server VM (25.102-b14 mixed mode windows-amd64 compressed oops)
Heap:
 PSYoungGen      total 271360K, used 138847K [0x00000000d6600000, 0x00000000e9d00000, 0x0000000100000000)
  eden space 249856K, 48% used [0x00000000d6600000,0x00000000ddb807a8,0x00000000e5a00000)
  from space 21504K, 86% used [0x00000000e8800000,0x00000000e9a17690,0x00000000e9d00000)
  to   space 34304K, 0% used [0x00000000e5a00000,0x00000000e5a00000,0x00000000e7b80000)
 ParOldGen       total 118272K, used 36027K [0x0000000083200000, 0x000000008a580000, 0x00000000d6600000)
  object space 118272K, 30% used [0x0000000083200000,0x000000008552eed0,0x000000008a580000)
 Metaspace       used 56691K, capacity 57548K, committed 57856K, reserved 1099776K
  class space    used 6625K, capacity 6855K, committed 6912K, reserved 1048576K
GC Heap History (10 events):
Event: 7.768 GC heap before
{Heap before GC invocations=10 (full 1):
 PSYoungGen      total 157184K, used 157166K [0x00000000d6600000, 0x00000000e5b00000, 0x0000000100000000)
  eden space 137728K, 100% used [0x00000000d6600000,0x00000000dec80000,0x00000000dec80000)
  from space 19456K, 99% used [0x00000000e0580000,0x00000000e187b958,0x00000000e1880000)
  to   space 25600K, 0% used [0x00000000dec80000,0x00000000dec80000,0x00000000e0580000)
 ParOldGen       total 79872K, used 32999K [0x0000000083200000, 0x0000000088000000, 0x00000000d6600000)
  object space 79872K, 41% used [0x0000000083200000,0x0000000085239fc0,0x0000000088000000)
 Metaspace       used 28312K, capacity 28984K, committed 29184K, reserved 1075200K
  class space    used 3372K, capacity 3525K, committed 3584K, reserved 1048576K
Event: 7.804 GC heap after
Heap after GC invocations=10 (full 1):
 PSYoungGen      total 163328K, used 25577K [0x00000000d6600000, 0x00000000e6100000, 0x0000000100000000)
  eden space 137728K, 0% used [0x00000000d6600000,0x00000000d6600000,0x00000000dec80000)
  from space 25600K, 99% used [0x00000000dec80000,0x00000000e057a678,0x00000000e0580000)
  to   space 32768K, 0% used [0x00000000e4100000,0x00000000e4100000,0x00000000e6100000)
 ParOldGen       total 79872K, used 40176K [0x0000000083200000, 0x0000000088000000, 0x00000000d6600000)
  object space 79872K, 50% used [0x0000000083200000,0x000000008593c320,0x0000000088000000)
 Metaspace       used 28312K, capacity 28984K, committed 29184K, reserved 1075200K
  class space    used 3372K, capacity 3525K, committed 3584K, reserved 1048576K
}
Event: 8.440 GC heap before
{Heap before GC invocations=11 (full 1):
 PSYoungGen      total 163328K, used 163305K [0x00000000d6600000, 0x00000000e6100000, 0x0000000100000000)
  eden space 137728K, 100% used [0x00000000d6600000,0x00000000dec80000,0x00000000dec80000)
  from space 25600K, 99% used [0x00000000dec80000,0x00000000e057a678,0x00000000e0580000)
  to   space 32768K, 0% used [0x00000000e4100000,0x00000000e4100000,0x00000000e6100000)
 ParOldGen       total 79872K, used 40176K [0x0000000083200000, 0x0000000088000000, 0x00000000d6600000)
  object space 79872K, 50% used [0x0000000083200000,0x000000008593c320,0x0000000088000000)
 Metaspace       used 28331K, capacity 28994K, committed 29184K, reserved 1075200K
  class space    used 3375K, capacity 3527K, committed 3584K, reserved 1048576K
Event: 8.486 GC heap after
Heap after GC invocations=11 (full 1):
 PSYoungGen      total 220160K, used 30817K [0x00000000d6600000, 0x00000000e6c00000, 0x0000000100000000)
  eden space 187392K, 0% used [0x00000000d6600000,0x00000000d6600000,0x00000000e1d00000)
  from space 32768K, 94% used [0x00000000e4100000,0x00000000e5f185b8,0x00000000e6100000)
  to   space 36864K, 0% used [0x00000000e1d00000,0x00000000e1d00000,0x00000000e4100000)
 ParOldGen       total 79872K, used 44684K [0x0000000083200000, 0x0000000088000000, 0x00000000d6600000)
  object space 79872K, 55% used [0x0000000083200000,0x0000000085da3078,0x0000000088000000)
 Metaspace       used 28331K, capacity 28994K, committed 29184K, reserved 1075200K
  class space    used 3375K, capacity 3527K, committed 3584K, reserved 1048576K
}
Event: 9.584 GC heap before
{Heap before GC invocations=12 (full 1):
 PSYoungGen      total 220160K, used 137909K [0x00000000d6600000, 0x00000000e6c00000, 0x0000000100000000)
  eden space 187392K, 57% used [0x00000000d6600000,0x00000000dce95210,0x00000000e1d00000)
  from space 32768K, 94% used [0x00000000e4100000,0x00000000e5f185b8,0x00000000e6100000)
  to   space 36864K, 0% used [0x00000000e1d00000,0x00000000e1d00000,0x00000000e4100000)
 ParOldGen       total 79872K, used 44684K [0x0000000083200000, 0x0000000088000000, 0x00000000d6600000)
  object space 79872K, 55% used [0x0000000083200000,0x0000000085da3078,0x0000000088000000)
 Metaspace       used 34637K, capacity 35366K, committed 35496K, reserved 1081344K
  class space    used 4120K, capacity 4309K, committed 4352K, reserved 1048576K
Event: 9.614 GC heap after
Heap after GC invocations=12 (full 1):
 PSYoungGen      total 224256K, used 14330K [0x00000000d6600000, 0x00000000eaa00000, 0x0000000100000000)
  eden space 187392K, 0% used [0x00000000d6600000,0x00000000d6600000,0x00000000e1d00000)
  from space 36864K, 38% used [0x00000000e1d00000,0x00000000e2afe890,0x00000000e4100000)
  to   space 34816K, 0% used [0x00000000e8800000,0x00000000e8800000,0x00000000eaa00000)
 ParOldGen       total 79872K, used 46595K [0x0000000083200000, 0x0000000088000000, 0x00000000d6600000)
  object space 79872K, 58% used [0x0000000083200000,0x0000000085f80ef0,0x0000000088000000)
 Metaspace       used 34637K, capacity 35366K, committed 35496K, reserved 1081344K
  class space    used 4120K, capacity 4309K, committed 4352K, reserved 1048576K
}
Event: 9.614 GC heap before
{Heap before GC invocations=13 (full 2):
 PSYoungGen      total 224256K, used 14330K [0x00000000d6600000, 0x00000000eaa00000, 0x0000000100000000)
  eden space 187392K, 0% used [0x00000000d6600000,0x00000000d6600000,0x00000000e1d00000)
  from space 36864K, 38% used [0x00000000e1d00000,0x00000000e2afe890,0x00000000e4100000)
  to   space 34816K, 0% used [0x00000000e8800000,0x00000000e8800000,0x00000000eaa00000)
 ParOldGen       total 79872K, used 46595K [0x0000000083200000, 0x0000000088000000, 0x00000000d6600000)
  object space 79872K, 58% used [0x0000000083200000,0x0000000085f80ef0,0x0000000088000000)
 Metaspace       used 34637K, capacity 35366K, committed 35496K, reserved 1081344K
  class space    used 4120K, capacity 4309K, committed 4352K, reserved 1048576K
Event: 9.816 GC heap after
Heap after GC invocations=13 (full 2):
 PSYoungGen      total 224256K, used 0K [0x00000000d6600000, 0x00000000eaa00000, 0x0000000100000000)
  eden space 187392K, 0% used [0x00000000d6600000,0x00000000d6600000,0x00000000e1d00000)
  from space 36864K, 0% used [0x00000000e1d00000,0x00000000e1d00000,0x00000000e4100000)
  to   space 34816K, 0% used [0x00000000e8800000,0x00000000e8800000,0x00000000eaa00000)
 ParOldGen       total 118272K, used 36019K [0x0000000083200000, 0x000000008a580000, 0x00000000d6600000)
  object space 118272K, 30% used [0x0000000083200000,0x000000008552ced0,0x000000008a580000)
 Metaspace       used 34637K, capacity 35366K, committed 35496K, reserved 1081344K
  class space    used 4120K, capacity 4309K, committed 4352K, reserved 1048576K
}
Event: 12.852 GC heap before
{Heap before GC invocations=14 (full 2):
 PSYoungGen      total 224256K, used 187392K [0x00000000d6600000, 0x00000000eaa00000, 0x0000000100000000)
  eden space 187392K, 100% used [0x00000000d6600000,0x00000000e1d00000,0x00000000e1d00000)
  from space 36864K, 0% used [0x00000000e1d00000,0x00000000e1d00000,0x00000000e4100000)
  to   space 34816K, 0% used [0x00000000e8800000,0x00000000e8800000,0x00000000eaa00000)
 ParOldGen       total 118272K, used 36019K [0x0000000083200000, 0x000000008a580000, 0x00000000d6600000)
  object space 118272K, 30% used [0x0000000083200000,0x000000008552ced0,0x000000008a580000)
 Metaspace       used 46039K, capacity 46826K, committed 46976K, reserved 1091584K
  class space    used 5547K, capacity 5747K, committed 5760K, reserved 1048576K
Event: 12.879 GC heap after
Heap after GC invocations=14 (full 2):
 PSYoungGen      total 271360K, used 18525K [0x00000000d6600000, 0x00000000e9d00000, 0x0000000100000000)
  eden space 249856K, 0% used [0x00000000d6600000,0x00000000d6600000,0x00000000e5a00000)
  from space 21504K, 86% used [0x00000000e8800000,0x00000000e9a17690,0x00000000e9d00000)
  to   space 34304K, 0% used [0x00000000e5a00000,0x00000000e5a00000,0x00000000e7b80000)
 ParOldGen       total 118272K, used 36027K [0x0000000083200000, 0x000000008a580000, 0x00000000d6600000)
  object space 118272K, 30% used [0x0000000083200000,0x000000008552eed0,0x000000008a580000)
 Metaspace       used 46039K, capacity 46826K, committed 46976K, reserved 1091584K
  class space    used 5547K, capacity 5747K, committed 5760K, reserved 1048576K
}

