# JRE version: Java(TM) SE Runtime Environment (8.0_102-b14) (build 1.8.0_102-b14)
# Java VM: Java HotSpot(TM) 64-Bit Server VM (25.102-b14 mixed mode windows-amd64 compressed oops)
Heap:
 PSYoungGen      total 99840K, used 5459K [0x00000000d6600000, 0x00000000dfc00000, 0x0000000100000000)
  eden space 92160K, 5% used [0x00000000d6600000,0x00000000d6b54d28,0x00000000dc000000)
  from space 7680K, 0% used [0x00000000df480000,0x00000000df480000,0x00000000dfc00000)
  to   space 14336K, 0% used [0x00000000de000000,0x00000000de000000,0x00000000dee00000)
 ParOldGen       total 78336K, used 21787K [0x0000000083200000, 0x0000000087e80000, 0x00000000d6600000)
  object space 78336K, 27% used [0x0000000083200000,0x0000000084746ec0,0x0000000087e80000)
 Metaspace       used 27443K, capacity 28072K, committed 28288K, reserved 1075200K
  class space    used 3241K, capacity 3394K, committed 3456K, reserved 1048576K
GC Heap History (10 events):
Event: 1.835 GC heap after
Heap after GC invocations=3 (full 0):
 PSYoungGen      total 37888K, used 5112K [0x00000000d6600000, 0x00000000db000000, 0x0000000100000000)
  eden space 32768K, 0% used [0x00000000d6600000,0x00000000d6600000,0x00000000d8600000)
  from space 5120K, 99% used [0x00000000d8600000,0x00000000d8afe030,0x00000000d8b00000)
  to   space 5120K, 0% used [0x00000000dab00000,0x00000000dab00000,0x00000000db000000)
 ParOldGen       total 86016K, used 5424K [0x0000000083200000, 0x0000000088600000, 0x00000000d6600000)
  object space 86016K, 6% used [0x0000000083200000,0x000000008374c3e0,0x0000000088600000)
 Metaspace       used 14740K, capacity 15072K, committed 15232K, reserved 1062912K
  class space    used 1805K, capacity 1914K, committed 1920K, reserved 1048576K
}
Event: 2.893 GC heap before
{Heap before GC invocations=4 (full 0):
 PSYoungGen      total 37888K, used 37880K [0x00000000d6600000, 0x00000000db000000, 0x0000000100000000)
  eden space 32768K, 100% used [0x00000000d6600000,0x00000000d8600000,0x00000000d8600000)
  from space 5120K, 99% used [0x00000000d8600000,0x00000000d8afe030,0x00000000d8b00000)
  to   space 5120K, 0% used [0x00000000dab00000,0x00000000dab00000,0x00000000db000000)
 ParOldGen       total 86016K, used 5424K [0x0000000083200000, 0x0000000088600000, 0x00000000d6600000)
  object space 86016K, 6% used [0x0000000083200000,0x000000008374c3e0,0x0000000088600000)
 Metaspace       used 15827K, capacity 16220K, committed 16384K, reserved 1062912K
  class space    used 1907K, capacity 1996K, committed 2048K, reserved 1048576K
Event: 2.906 GC heap after
Heap after GC invocations=4 (full 0):
 PSYoungGen      total 70656K, used 5112K [0x00000000d6600000, 0x00000000db000000, 0x0000000100000000)
  eden space 65536K, 0% used [0x00000000d6600000,0x00000000d6600000,0x00000000da600000)
  from space 5120K, 99% used [0x00000000dab00000,0x00000000daffe010,0x00000000db000000)
  to   space 5120K, 0% used [0x00000000da600000,0x00000000da600000,0x00000000dab00000)
 ParOldGen       total 86016K, used 7687K [0x0000000083200000, 0x0000000088600000, 0x00000000d6600000)
  object space 86016K, 8% used [0x0000000083200000,0x0000000083981fd8,0x0000000088600000)
 Metaspace       used 15827K, capacity 16220K, committed 16384K, reserved 1062912K
  class space    used 1907K, capacity 1996K, committed 2048K, reserved 1048576K
}
Event: 3.891 GC heap before
{Heap before GC invocations=5 (full 0):
 PSYoungGen      total 70656K, used 63926K [0x00000000d6600000, 0x00000000db000000, 0x0000000100000000)
  eden space 65536K, 89% used [0x00000000d6600000,0x00000000d9f6fb68,0x00000000da600000)
  from space 5120K, 99% used [0x00000000dab00000,0x00000000daffe010,0x00000000db000000)
  to   space 5120K, 0% used [0x00000000da600000,0x00000000da600000,0x00000000dab00000)
 ParOldGen       total 86016K, used 7687K [0x0000000083200000, 0x0000000088600000, 0x00000000d6600000)
  object space 86016K, 8% used [0x0000000083200000,0x0000000083981fd8,0x0000000088600000)
 Metaspace       used 20695K, capacity 21120K, committed 21296K, reserved 1069056K
  class space    used 2486K, capacity 2588K, committed 2688K, reserved 1048576K
Event: 3.911 GC heap after
Heap after GC invocations=5 (full 0):
 PSYoungGen      total 70656K, used 5104K [0x00000000d6600000, 0x00000000e0300000, 0x0000000100000000)
  eden space 65536K, 0% used [0x00000000d6600000,0x00000000d6600000,0x00000000da600000)
  from space 5120K, 99% used [0x00000000da600000,0x00000000daafc010,0x00000000dab00000)
  to   space 14848K, 0% used [0x00000000df480000,0x00000000df480000,0x00000000e0300000)
 ParOldGen       total 86016K, used 18439K [0x0000000083200000, 0x0000000088600000, 0x00000000d6600000)
  object space 86016K, 21% used [0x0000000083200000,0x0000000084401da0,0x0000000088600000)
 Metaspace       used 20695K, capacity 21120K, committed 21296K, reserved 1069056K
  class space    used 2486K, capacity 2588K, committed 2688K, reserved 1048576K
}
Event: 3.911 GC heap before
{Heap before GC invocations=6 (full 1):
 PSYoungGen      total 70656K, used 5104K [0x00000000d6600000, 0x00000000e0300000, 0x0000000100000000)
  eden space 65536K, 0% used [0x00000000d6600000,0x00000000d6600000,0x00000000da600000)
  from space 5120K, 99% used [0x00000000da600000,0x00000000daafc010,0x00000000dab00000)
  to   space 14848K, 0% used [0x00000000df480000,0x00000000df480000,0x00000000e0300000)
 ParOldGen       total 86016K, used 18439K [0x0000000083200000, 0x0000000088600000, 0x00000000d6600000)
  object space 86016K, 21% used [0x0000000083200000,0x0000000084401da0,0x0000000088600000)
 Metaspace       used 20695K, capacity 21120K, committed 21296K, reserved 1069056K
  class space    used 2486K, capacity 2588K, committed 2688K, reserved 1048576K
Event: 3.983 GC heap after
Heap after GC invocations=6 (full 1):
 PSYoungGen      total 70656K, used 0K [0x00000000d6600000, 0x00000000e0300000, 0x0000000100000000)
  eden space 65536K, 0% used [0x00000000d6600000,0x00000000d6600000,0x00000000da600000)
  from space 5120K, 0% used [0x00000000da600000,0x00000000da600000,0x00000000dab00000)
  to   space 14848K, 0% used [0x00000000df480000,0x00000000df480000,0x00000000e0300000)
 ParOldGen       total 78336K, used 17942K [0x0000000083200000, 0x0000000087e80000, 0x00000000d6600000)
  object space 78336K, 22% used [0x0000000083200000,0x0000000084385850,0x0000000087e80000)
 Metaspace       used 20695K, capacity 21120K, committed 21296K, reserved 1069056K
  class space    used 2486K, capacity 2588K, committed 2688K, reserved 1048576K
}
Event: 7.104 GC heap before
{Heap before GC invocations=7 (full 1):
 PSYoungGen      total 70656K, used 62163K [0x00000000d6600000, 0x00000000e0300000, 0x0000000100000000)
  eden space 65536K, 94% used [0x00000000d6600000,0x00000000da2b4c60,0x00000000da600000)
  from space 5120K, 0% used [0x00000000da600000,0x00000000da600000,0x00000000dab00000)
  to   space 14848K, 0% used [0x00000000df480000,0x00000000df480000,0x00000000e0300000)
 ParOldGen       total 78336K, used 17942K [0x0000000083200000, 0x0000000087e80000, 0x00000000d6600000)
  object space 78336K, 22% used [0x0000000083200000,0x0000000084385850,0x0000000087e80000)
 Metaspace       used 27077K, capacity 27624K, committed 27776K, reserved 1077248K
  class space    used 3200K, capacity 3330K, committed 3456K, reserved 1048576K
Event: 7.114 GC heap after
Heap after GC invocations=7 (full 1):
 PSYoungGen      total 99840K, used 7365K [0x00000000d6600000, 0x00000000dfc00000, 0x0000000100000000)
  eden space 92160K, 0% used [0x00000000d6600000,0x00000000d6600000,0x00000000dc000000)
  from space 7680K, 95% used [0x00000000df480000,0x00000000dfbb1540,0x00000000dfc00000)
  to   space 14336K, 0% used [0x00000000de000000,0x00000000de000000,0x00000000dee00000)
 ParOldGen       total 78336K, used 17950K [0x0000000083200000, 0x0000000087e80000, 0x00000000d6600000)
  object space 78336K, 22% used [0x0000000083200000,0x0000000084387850,0x0000000087e80000)
 Metaspace       used 27077K, capacity 27624K, committed 27776K, reserved 1077248K
  class space    used 3200K, capacity 3330K, committed 3456K, reserved 1048576K
}
Event: 7.114 GC heap before
{Heap before GC invocations=8 (full 2):
 PSYoungGen      total 99840K, used 7365K [0x00000000d6600000, 0x00000000dfc00000, 0x0000000100000000)
  eden space 92160K, 0% used [0x00000000d6600000,0x00000000d6600000,0x00000000dc000000)
  from space 7680K, 95% used [0x00000000df480000,0x00000000dfbb1540,0x00000000dfc00000)
  to   space 14336K, 0% used [0x00000000de000000,0x00000000de000000,0x00000000dee00000)
 ParOldGen       total 78336K, used 17950K [0x0000000083200000, 0x0000000087e80000, 0x00000000d6600000)
  object space 78336K, 22% used [0x0000000083200000,0x0000000084387850,0x0000000087e80000)
 Metaspace       used 27077K, capacity 27624K, committed 27776K, reserved 1077248K
  class space    used 3200K, capacity 3330K, committed 3456K, reserved 1048576K

