# JRE version: Java(TM) SE Runtime Environment (8.0_102-b14) (build 1.8.0_102-b14)
# Java VM: Java HotSpot(TM) 64-Bit Server VM (25.102-b14 mixed mode windows-amd64 compressed oops)
Heap:
 PSYoungGen      total 231424K, used 40604K [0x00000000d6600000, 0x00000000e7880000, 0x0000000100000000)
  eden space 199168K, 9% used [0x00000000d6600000,0x00000000d78dadd0,0x00000000e2880000)
  from space 32256K, 66% used [0x00000000e4c80000,0x00000000e614c358,0x00000000e6c00000)
  to   space 36864K, 0% used [0x00000000e2880000,0x00000000e2880000,0x00000000e4c80000)
 ParOldGen       total 76800K, used 33992K [0x0000000083200000, 0x0000000087d00000, 0x00000000d6600000)
  object space 76800K, 44% used [0x0000000083200000,0x0000000085332280,0x0000000087d00000)
 Metaspace       used 48664K, capacity 49648K, committed 49920K, reserved 1093632K
  class space    used 5796K, capacity 6036K, committed 6144K, reserved 1048576K
GC Heap History (10 events):
Event: 11.874 GC heap before
{Heap before GC invocations=10 (full 1):
 PSYoungGen      total 159744K, used 159740K [0x00000000d6600000, 0x00000000e6680000, 0x0000000100000000)
  eden space 140800K, 100% used [0x00000000d6600000,0x00000000def80000,0x00000000def80000)
  from space 18944K, 99% used [0x00000000e0880000,0x00000000e1aff268,0x00000000e1b00000)
  to   space 25600K, 0% used [0x00000000def80000,0x00000000def80000,0x00000000e0880000)
 ParOldGen       total 76800K, used 32860K [0x0000000083200000, 0x0000000087d00000, 0x00000000d6600000)
  object space 76800K, 42% used [0x0000000083200000,0x0000000085217248,0x0000000087d00000)
 Metaspace       used 28548K, capacity 29182K, committed 29440K, reserved 1075200K
  class space    used 3372K, capacity 3527K, committed 3584K, reserved 1048576K
Event: 11.906 GC heap after
Heap after GC invocations=10 (full 1):
 PSYoungGen      total 166400K, used 25582K [0x00000000d6600000, 0x00000000e6c00000, 0x0000000100000000)
  eden space 140800K, 0% used [0x00000000d6600000,0x00000000d6600000,0x00000000def80000)
  from space 25600K, 99% used [0x00000000def80000,0x00000000e087b878,0x00000000e0880000)
  to   space 32256K, 0% used [0x00000000e4c80000,0x00000000e4c80000,0x00000000e6c00000)
 ParOldGen       total 76800K, used 39776K [0x0000000083200000, 0x0000000087d00000, 0x00000000d6600000)
  object space 76800K, 51% used [0x0000000083200000,0x00000000858d80d0,0x0000000087d00000)
 Metaspace       used 28548K, capacity 29182K, committed 29440K, reserved 1075200K
  class space    used 3372K, capacity 3527K, committed 3584K, reserved 1048576K
}
Event: 12.515 GC heap before
{Heap before GC invocations=11 (full 1):
 PSYoungGen      total 166400K, used 166382K [0x00000000d6600000, 0x00000000e6c00000, 0x0000000100000000)
  eden space 140800K, 100% used [0x00000000d6600000,0x00000000def80000,0x00000000def80000)
  from space 25600K, 99% used [0x00000000def80000,0x00000000e087b878,0x00000000e0880000)
  to   space 32256K, 0% used [0x00000000e4c80000,0x00000000e4c80000,0x00000000e6c00000)
 ParOldGen       total 76800K, used 39776K [0x0000000083200000, 0x0000000087d00000, 0x00000000d6600000)
  object space 76800K, 51% used [0x0000000083200000,0x00000000858d80d0,0x0000000087d00000)
 Metaspace       used 28549K, capacity 29182K, committed 29440K, reserved 1075200K
  class space    used 3372K, capacity 3527K, committed 3584K, reserved 1048576K
Event: 12.565 GC heap after
Heap after GC invocations=11 (full 1):
 PSYoungGen      total 231424K, used 30874K [0x00000000d6600000, 0x00000000e7880000, 0x0000000100000000)
  eden space 199168K, 0% used [0x00000000d6600000,0x00000000d6600000,0x00000000e2880000)
  from space 32256K, 95% used [0x00000000e4c80000,0x00000000e6aa69c8,0x00000000e6c00000)
  to   space 36864K, 0% used [0x00000000e2880000,0x00000000e2880000,0x00000000e4c80000)
 ParOldGen       total 76800K, used 43988K [0x0000000083200000, 0x0000000087d00000, 0x00000000d6600000)
  object space 76800K, 57% used [0x0000000083200000,0x0000000085cf5330,0x0000000087d00000)
 Metaspace       used 28549K, capacity 29182K, committed 29440K, reserved 1075200K
  class space    used 3372K, capacity 3527K, committed 3584K, reserved 1048576K
}
Event: 14.647 GC heap before
{Heap before GC invocations=12 (full 1):
 PSYoungGen      total 231424K, used 135914K [0x00000000d6600000, 0x00000000e7880000, 0x0000000100000000)
  eden space 199168K, 52% used [0x00000000d6600000,0x00000000dcc94098,0x00000000e2880000)
  from space 32256K, 95% used [0x00000000e4c80000,0x00000000e6aa69c8,0x00000000e6c00000)
  to   space 36864K, 0% used [0x00000000e2880000,0x00000000e2880000,0x00000000e4c80000)
 ParOldGen       total 76800K, used 43988K [0x0000000083200000, 0x0000000087d00000, 0x00000000d6600000)
  object space 76800K, 57% used [0x0000000083200000,0x0000000085cf5330,0x0000000087d00000)
 Metaspace       used 34537K, capacity 35238K, committed 35496K, reserved 1081344K
  class space    used 4073K, capacity 4245K, committed 4352K, reserved 1048576K
Event: 14.677 GC heap after
Heap after GC invocations=12 (full 1):
 PSYoungGen      total 236032K, used 12949K [0x00000000d6600000, 0x00000000e7880000, 0x0000000100000000)
  eden space 199168K, 0% used [0x00000000d6600000,0x00000000d6600000,0x00000000e2880000)
  from space 36864K, 35% used [0x00000000e2880000,0x00000000e35256d8,0x00000000e4c80000)
  to   space 32256K, 0% used [0x00000000e4c80000,0x00000000e4c80000,0x00000000e6c00000)
 ParOldGen       total 76800K, used 46199K [0x0000000083200000, 0x0000000087d00000, 0x00000000d6600000)
  object space 76800K, 60% used [0x0000000083200000,0x0000000085f1dc18,0x0000000087d00000)
 Metaspace       used 34537K, capacity 35238K, committed 35496K, reserved 1081344K
  class space    used 4073K, capacity 4245K, committed 4352K, reserved 1048576K
}
Event: 14.677 GC heap before
{Heap before GC invocations=13 (full 2):
 PSYoungGen      total 236032K, used 12949K [0x00000000d6600000, 0x00000000e7880000, 0x0000000100000000)
  eden space 199168K, 0% used [0x00000000d6600000,0x00000000d6600000,0x00000000e2880000)
  from space 36864K, 35% used [0x00000000e2880000,0x00000000e35256d8,0x00000000e4c80000)
  to   space 32256K, 0% used [0x00000000e4c80000,0x00000000e4c80000,0x00000000e6c00000)
 ParOldGen       total 76800K, used 46199K [0x0000000083200000, 0x0000000087d00000, 0x00000000d6600000)
  object space 76800K, 60% used [0x0000000083200000,0x0000000085f1dc18,0x0000000087d00000)
 Metaspace       used 34537K, capacity 35238K, committed 35496K, reserved 1081344K
  class space    used 4073K, capacity 4245K, committed 4352K, reserved 1048576K
Event: 14.827 GC heap after
Heap after GC invocations=13 (full 2):
 PSYoungGen      total 236032K, used 0K [0x00000000d6600000, 0x00000000e7880000, 0x0000000100000000)
  eden space 199168K, 0% used [0x00000000d6600000,0x00000000d6600000,0x00000000e2880000)
  from space 36864K, 0% used [0x00000000e2880000,0x00000000e2880000,0x00000000e4c80000)
  to   space 32256K, 0% used [0x00000000e4c80000,0x00000000e4c80000,0x00000000e6c00000)
 ParOldGen       total 76800K, used 33984K [0x0000000083200000, 0x0000000087d00000, 0x00000000d6600000)
  object space 76800K, 44% used [0x0000000083200000,0x0000000085330280,0x0000000087d00000)
 Metaspace       used 34537K, capacity 35238K, committed 35496K, reserved 1081344K
  class space    used 4073K, capacity 4245K, committed 4352K, reserved 1048576K
}
Event: 26.852 GC heap before
{Heap before GC invocations=14 (full 2):
 PSYoungGen      total 236032K, used 199168K [0x00000000d6600000, 0x00000000e7880000, 0x0000000100000000)
  eden space 199168K, 100% used [0x00000000d6600000,0x00000000e2880000,0x00000000e2880000)
  from space 36864K, 0% used [0x00000000e2880000,0x00000000e2880000,0x00000000e4c80000)
  to   space 32256K, 0% used [0x00000000e4c80000,0x00000000e4c80000,0x00000000e6c00000)
 ParOldGen       total 76800K, used 33984K [0x0000000083200000, 0x0000000087d00000, 0x00000000d6600000)
  object space 76800K, 44% used [0x0000000083200000,0x0000000085330280,0x0000000087d00000)
 Metaspace       used 47091K, capacity 48048K, committed 48384K, reserved 1091584K
  class space    used 5617K, capacity 5844K, committed 5888K, reserved 1048576K
Event: 26.867 GC heap after
Heap after GC invocations=14 (full 2):
 PSYoungGen      total 231424K, used 21296K [0x00000000d6600000, 0x00000000e7880000, 0x0000000100000000)
  eden space 199168K, 0% used [0x00000000d6600000,0x00000000d6600000,0x00000000e2880000)
  from space 32256K, 66% used [0x00000000e4c80000,0x00000000e614c358,0x00000000e6c00000)
  to   space 36864K, 0% used [0x00000000e2880000,0x00000000e2880000,0x00000000e4c80000)
 ParOldGen       total 76800K, used 33992K [0x0000000083200000, 0x0000000087d00000, 0x00000000d6600000)
  object space 76800K, 44% used [0x0000000083200000,0x0000000085332280,0x0000000087d00000)
 Metaspace       used 47091K, capacity 48048K, committed 48384K, reserved 1091584K
  class space    used 5617K, capacity 5844K, committed 5888K, reserved 1048576K
}

