# JRE version: Java(TM) SE Runtime Environment (8.0_102-b14) (build 1.8.0_102-b14)
# Java VM: Java HotSpot(TM) 64-Bit Server VM (25.102-b14 mixed mode windows-amd64 compressed oops)
Heap:
 PSYoungGen      total 96256K, used 51814K [0x00000000d6600000, 0x00000000dd880000, 0x0000000100000000)
  eden space 75264K, 51% used [0x00000000d6600000,0x00000000d8bba420,0x00000000daf80000)
  from space 20992K, 62% used [0x00000000dc400000,0x00000000dd0df6a8,0x00000000dd880000)
  to   space 20992K, 0% used [0x00000000daf80000,0x00000000daf80000,0x00000000dc400000)
 ParOldGen       total 82944K, used 29663K [0x0000000083200000, 0x0000000088300000, 0x00000000d6600000)
  object space 82944K, 35% used [0x0000000083200000,0x0000000084ef7dd0,0x0000000088300000)
 Metaspace       used 28034K, capacity 28664K, committed 28928K, reserved 1075200K
  class space    used 3358K, capacity 3525K, committed 3584K, reserved 1048576K
GC Heap History (10 events):
Event: 6.766 GC heap before
{Heap before GC invocations=7 (full 1):
 PSYoungGen      total 70656K, used 65536K [0x00000000d6600000, 0x00000000db000000, 0x0000000100000000)
  eden space 65536K, 100% used [0x00000000d6600000,0x00000000da600000,0x00000000da600000)
  from space 5120K, 0% used [0x00000000da600000,0x00000000da600000,0x00000000dab00000)
  to   space 5120K, 0% used [0x00000000dab00000,0x00000000dab00000,0x00000000db000000)
 ParOldGen       total 82944K, used 17630K [0x0000000083200000, 0x0000000088300000, 0x00000000d6600000)
  object space 82944K, 21% used [0x0000000083200000,0x0000000084337880,0x0000000088300000)
 Metaspace       used 27466K, capacity 28078K, committed 28416K, reserved 1075200K
  class space    used 3295K, capacity 3459K, committed 3584K, reserved 1048576K
Event: 6.773 GC heap after
Heap after GC invocations=7 (full 1):
 PSYoungGen      total 61952K, used 5106K [0x00000000d6600000, 0x00000000dd180000, 0x0000000100000000)
  eden space 56832K, 0% used [0x00000000d6600000,0x00000000d6600000,0x00000000d9d80000)
  from space 5120K, 99% used [0x00000000dab00000,0x00000000daffcb30,0x00000000db000000)
  to   space 13824K, 0% used [0x00000000d9d80000,0x00000000d9d80000,0x00000000dab00000)
 ParOldGen       total 82944K, used 20562K [0x0000000083200000, 0x0000000088300000, 0x00000000d6600000)
  object space 82944K, 24% used [0x0000000083200000,0x00000000846149a0,0x0000000088300000)
 Metaspace       used 27466K, capacity 28078K, committed 28416K, reserved 1075200K
  class space    used 3295K, capacity 3459K, committed 3584K, reserved 1048576K
}
Event: 7.088 GC heap before
{Heap before GC invocations=8 (full 1):
 PSYoungGen      total 61952K, used 61938K [0x00000000d6600000, 0x00000000dd180000, 0x0000000100000000)
  eden space 56832K, 100% used [0x00000000d6600000,0x00000000d9d80000,0x00000000d9d80000)
  from space 5120K, 99% used [0x00000000dab00000,0x00000000daffcb30,0x00000000db000000)
  to   space 13824K, 0% used [0x00000000d9d80000,0x00000000d9d80000,0x00000000dab00000)
 ParOldGen       total 82944K, used 20562K [0x0000000083200000, 0x0000000088300000, 0x00000000d6600000)
  object space 82944K, 24% used [0x0000000083200000,0x00000000846149a0,0x0000000088300000)
 Metaspace       used 28004K, capacity 28628K, committed 28928K, reserved 1075200K
  class space    used 3355K, capacity 3493K, committed 3584K, reserved 1048576K
Event: 7.102 GC heap after
Heap after GC invocations=8 (full 1):
 PSYoungGen      total 70656K, used 13816K [0x00000000d6600000, 0x00000000dd180000, 0x0000000100000000)
  eden space 56832K, 0% used [0x00000000d6600000,0x00000000d6600000,0x00000000d9d80000)
  from space 13824K, 99% used [0x00000000d9d80000,0x00000000daafe260,0x00000000dab00000)
  to   space 16384K, 0% used [0x00000000dc180000,0x00000000dc180000,0x00000000dd180000)
 ParOldGen       total 82944K, used 21595K [0x0000000083200000, 0x0000000088300000, 0x00000000d6600000)
  object space 82944K, 26% used [0x0000000083200000,0x0000000084716f98,0x0000000088300000)
 Metaspace       used 28004K, capacity 28628K, committed 28928K, reserved 1075200K
  class space    used 3355K, capacity 3493K, committed 3584K, reserved 1048576K
}
Event: 7.395 GC heap before
{Heap before GC invocations=9 (full 1):
 PSYoungGen      total 70656K, used 70648K [0x00000000d6600000, 0x00000000dd180000, 0x0000000100000000)
  eden space 56832K, 100% used [0x00000000d6600000,0x00000000d9d80000,0x00000000d9d80000)
  from space 13824K, 99% used [0x00000000d9d80000,0x00000000daafe260,0x00000000dab00000)
  to   space 16384K, 0% used [0x00000000dc180000,0x00000000dc180000,0x00000000dd180000)
 ParOldGen       total 82944K, used 21595K [0x0000000083200000, 0x0000000088300000, 0x00000000d6600000)
  object space 82944K, 26% used [0x0000000083200000,0x0000000084716f98,0x0000000088300000)
 Metaspace       used 28020K, capacity 28660K, committed 28928K, reserved 1075200K
  class space    used 3357K, capacity 3525K, committed 3584K, reserved 1048576K
Event: 7.413 GC heap after
Heap after GC invocations=9 (full 1):
 PSYoungGen      total 73216K, used 16362K [0x00000000d6600000, 0x00000000dd180000, 0x0000000100000000)
  eden space 56832K, 0% used [0x00000000d6600000,0x00000000d6600000,0x00000000d9d80000)
  from space 16384K, 99% used [0x00000000dc180000,0x00000000dd17aaf0,0x00000000dd180000)
  to   space 13824K, 0% used [0x00000000d9d80000,0x00000000d9d80000,0x00000000dab00000)
 ParOldGen       total 82944K, used 23087K [0x0000000083200000, 0x0000000088300000, 0x00000000d6600000)
  object space 82944K, 27% used [0x0000000083200000,0x000000008488bdb8,0x0000000088300000)
 Metaspace       used 28020K, capacity 28660K, committed 28928K, reserved 1075200K
  class space    used 3357K, capacity 3525K, committed 3584K, reserved 1048576K
}
Event: 7.596 GC heap before
{Heap before GC invocations=10 (full 1):
 PSYoungGen      total 73216K, used 73194K [0x00000000d6600000, 0x00000000dd180000, 0x0000000100000000)
  eden space 56832K, 100% used [0x00000000d6600000,0x00000000d9d80000,0x00000000d9d80000)
  from space 16384K, 99% used [0x00000000dc180000,0x00000000dd17aaf0,0x00000000dd180000)
  to   space 13824K, 0% used [0x00000000d9d80000,0x00000000d9d80000,0x00000000dab00000)
 ParOldGen       total 82944K, used 23087K [0x0000000083200000, 0x0000000088300000, 0x00000000d6600000)
  object space 82944K, 27% used [0x0000000083200000,0x000000008488bdb8,0x0000000088300000)
 Metaspace       used 28022K, capacity 28660K, committed 28928K, reserved 1075200K
  class space    used 3357K, capacity 3525K, committed 3584K, reserved 1048576K
Event: 7.610 GC heap after
Heap after GC invocations=10 (full 1):
 PSYoungGen      total 70656K, used 13813K [0x00000000d6600000, 0x00000000dd900000, 0x0000000100000000)
  eden space 56832K, 0% used [0x00000000d6600000,0x00000000d6600000,0x00000000d9d80000)
  from space 13824K, 99% used [0x00000000d9d80000,0x00000000daafd658,0x00000000dab00000)
  to   space 21504K, 0% used [0x00000000dc400000,0x00000000dc400000,0x00000000dd900000)
 ParOldGen       total 82944K, used 27599K [0x0000000083200000, 0x0000000088300000, 0x00000000d6600000)
  object space 82944K, 33% used [0x0000000083200000,0x0000000084cf3db0,0x0000000088300000)
 Metaspace       used 28022K, capacity 28660K, committed 28928K, reserved 1075200K
  class space    used 3357K, capacity 3525K, committed 3584K, reserved 1048576K
}
Event: 7.852 GC heap before
{Heap before GC invocations=11 (full 1):
 PSYoungGen      total 70656K, used 70645K [0x00000000d6600000, 0x00000000dd900000, 0x0000000100000000)
  eden space 56832K, 100% used [0x00000000d6600000,0x00000000d9d80000,0x00000000d9d80000)
  from space 13824K, 99% used [0x00000000d9d80000,0x00000000daafd658,0x00000000dab00000)
  to   space 21504K, 0% used [0x00000000dc400000,0x00000000dc400000,0x00000000dd900000)
 ParOldGen       total 82944K, used 27599K [0x0000000083200000, 0x0000000088300000, 0x00000000d6600000)
  object space 82944K, 33% used [0x0000000083200000,0x0000000084cf3db0,0x0000000088300000)
 Metaspace       used 28025K, capacity 28660K, committed 28928K, reserved 1075200K
  class space    used 3357K, capacity 3525K, committed 3584K, reserved 1048576K
Event: 7.864 GC heap after
Heap after GC invocations=11 (full 1):
 PSYoungGen      total 96256K, used 13181K [0x00000000d6600000, 0x00000000dd880000, 0x0000000100000000)
  eden space 75264K, 0% used [0x00000000d6600000,0x00000000d6600000,0x00000000daf80000)
  from space 20992K, 62% used [0x00000000dc400000,0x00000000dd0df6a8,0x00000000dd880000)
  to   space 20992K, 0% used [0x00000000daf80000,0x00000000daf80000,0x00000000dc400000)
 ParOldGen       total 82944K, used 29663K [0x0000000083200000, 0x0000000088300000, 0x00000000d6600000)
  object space 82944K, 35% used [0x0000000083200000,0x0000000084ef7dd0,0x0000000088300000)
 Metaspace       used 28025K, capacity 28660K, committed 28928K, reserved 1075200K
  class space    used 3357K, capacity 3525K, committed 3584K, reserved 1048576K
}

